/*C3*/SET SCHEMA PUBLIC
DISCONNECT
/*C4*/SET SCHEMA PUBLIC
INSERT INTO USER VALUES(19,'adasd','asdasd','45a88cb6-b084-4e60-80ae-ef86004d3333')
INSERT INTO USERACHIEVEMENT VALUES(1,'6d708b02-4ecb-49ab-9ef8-9297b9f5e2a7')
INSERT INTO USER_USERACHIEVEMENT VALUES(19,1)
COMMIT
DISCONNECT
/*C5*/SET SCHEMA PUBLIC
INSERT INTO USER VALUES(20,'adasd','asdasd','477d5481-8def-439a-9a72-5092f6b3ff07')
INSERT INTO USERACHIEVEMENT VALUES(2,'29d5ce49-0e81-4edd-9739-395b5be308f2')
INSERT INTO USER_USERACHIEVEMENT VALUES(20,2)
COMMIT
DISCONNECT
/*C6*/SET SCHEMA PUBLIC
INSERT INTO USER VALUES(21,'adasd','asdasd','49cc6361-1631-4963-ab26-fffca8b21e11')
INSERT INTO USERACHIEVEMENT VALUES(3,'82d7c199-199d-4ce0-b77e-f618073e3f9a')
INSERT INTO USER_USERACHIEVEMENT VALUES(21,3)
COMMIT
DISCONNECT
/*C7*/SET SCHEMA PUBLIC
DISCONNECT
/*C8*/SET SCHEMA PUBLIC
DISCONNECT
/*C9*/SET SCHEMA PUBLIC
DISCONNECT
/*C10*/SET SCHEMA PUBLIC
DISCONNECT
/*C11*/SET SCHEMA PUBLIC
DISCONNECT
/*C12*/SET SCHEMA PUBLIC
DISCONNECT
/*C13*/SET SCHEMA PUBLIC
DISCONNECT
/*C14*/SET SCHEMA PUBLIC
DISCONNECT
/*C15*/SET SCHEMA PUBLIC
DISCONNECT
/*C16*/SET SCHEMA PUBLIC
DISCONNECT
/*C17*/SET SCHEMA PUBLIC
DISCONNECT
/*C18*/SET SCHEMA PUBLIC
DISCONNECT
/*C19*/SET SCHEMA PUBLIC
DISCONNECT
/*C20*/SET SCHEMA PUBLIC
DISCONNECT
